<?xml version="1.0" encoding="UTF-8"?>
<testsuite name="com.jackrl.bomberguygame.domain.PlayerTest" time="5.1" tests="21" errors="0" skipped="0" failures="0">
  <properties>
[...]
</properties>
  <testcase name="testMoveLeft" classname="com.jackrl.bomberguygame.domain.PlayerTest" time="0.83"/>
  <testcase name="testMoveUp" classname="com.jackrl.bomberguygame.domain.PlayerTest" time="0.245"/>
  <testcase name="testMoveDown" classname="com.jackrl.bomberguygame.domain.PlayerTest" time="0.192"/>
  <testcase name="testMoveXWithAPreviousMoveRight" classname="com.jackrl.bomberguygame.domain.PlayerTest" time="0.229"/>
  <testcase name="testMoveYWithAPreviousMoveDown" classname="com.jackrl.bomberguygame.domain.PlayerTest" time="0.166"/>
  <testcase name="testResetDxAndDy" classname="com.jackrl.bomberguygame.domain.PlayerTest" time="0.258"/>
  <testcase name="testThrowBombAllowsThePlayerToThroughBomb" classname="com.jackrl.bomberguygame.domain.PlayerTest" time="0.229"/>
  <testcase name="testThrowBombDoesntAllowThePlayerToThroughASecondBomb" classname="com.jackrl.bomberguygame.domain.PlayerTest" time="0.242"/>
  <testcase name="testContructorWithCoordinatesx0y0" classname="com.jackrl.bomberguygame.domain.PlayerTest" time="0.269"/>
  <testcase name="testContructorWithRandomCoordinates" classname="com.jackrl.bomberguygame.domain.PlayerTest" time="0.269"/>
  <testcase name="testMoveRight" classname="com.jackrl.bomberguygame.domain.PlayerTest" time="0.209"/>
  <testcase name="testAddBombByBeingAbleToThroughTwoBombsConsecutivelyAfterMovingAwayFromTheFirstBomb" classname="com.jackrl.bomberguygame.domain.PlayerTest" time="0.193"/>
  <testcase name="testThrowBombByNotBeingAbleToThroughTwoBombsConsecutivelyIfThePlayerIsStandingOnTheFirstBomb" classname="com.jackrl.bomberguygame.domain.PlayerTest" time="0.232"/>
  <testcase name="testGetThrownBombReturnsNullBeforeABobmbHasBeenThrown" classname="com.jackrl.bomberguygame.domain.PlayerTest" time="0.153"/>
  <testcase name="testGetThrownBombReturnsABombAfterABobmbHasBeenThrown" classname="com.jackrl.bomberguygame.domain.PlayerTest" time="0.218"/>
  <testcase name="testIsStandingOnBombShouldReturnFalseBeforeThrowingABomb" classname="com.jackrl.bomberguygame.domain.PlayerTest" time="0.153"/>
  <testcase name="testIsStandingOnBombShouldReturnTrueAfterABobmbHasBeenThrown" classname="com.jackrl.bomberguygame.domain.PlayerTest" time="0.204"/>
  <testcase name="testPlayerIsAliveWhenreated" classname="com.jackrl.bomberguygame.domain.PlayerTest" time="0.227"/>
  <testcase name="testDieKillsThePlayer" classname="com.jackrl.bomberguygame.domain.PlayerTest" time="0.206"/>
  <testcase name="testPlayerNonCollisionWithWall" classname="com.jackrl.bomberguygame.domain.PlayerTest" time="0.157"/>
  <testcase name="testPlayerCollisionWithWall" classname="com.jackrl.bomberguygame.domain.PlayerTest" time="0.219"/>
</testsuite>